<?xml version="1.0" encoding="UTF-8"?>
<!-- Generated by org.testng.reporters.JUnitReportReporter -->
<testsuite skipped="0" hostname="DESKTOP-AFM74F7" name="tests.TestCase4MainClass" tests="1" failures="0" timestamp="2020-01-31T15:12:38 EST" time="14.554" errors="0">
  <testcase name="Login" time="14.554" classname="tests.TestCase4MainClass"/>
  <system-out/>
</testsuite> <!-- tests.TestCase4MainClass -->
