<?xml version="1.0" encoding="UTF-8"?>
<!-- Generated by org.testng.reporters.JUnitReportReporter -->
<testsuite skipped="0" hostname="DESKTOP-AFM74F7" name="tests.ValidLogin" tests="1" failures="0" timestamp="2019-11-12T20:39:39 IST" time="19.203" errors="0">
  <testcase name="ValidLogIn" time="19.203" classname="tests.ValidLogin"/>
</testsuite> <!-- tests.ValidLogin -->
