<?xml version="1.0" encoding="UTF-8"?>
<!-- Generated by org.testng.reporters.JUnitReportReporter -->
<testsuite skipped="0" hostname="DESKTOP-AFM74F7" name="tests.Testcase3" tests="1" failures="0" timestamp="2020-01-31T15:12:38 EST" time="8.109" errors="0">
  <testcase name="Login" time="8.109" classname="tests.Testcase3"/>
  <system-out/>
</testsuite> <!-- tests.Testcase3 -->
