<?xml version="1.0" encoding="UTF-8"?>
<!-- Generated by org.testng.reporters.JUnitReportReporter -->
<testsuite skipped="0" hostname="DESKTOP-AFM74F7" name="tests.CreateGroupTest" tests="1" failures="0" timestamp="2020-01-30T14:23:51 EST" time="26.193" errors="0">
  <testcase name="CreatenewGroup" time="26.193" classname="tests.CreateGroupTest"/>
  <system-out/>
</testsuite> <!-- tests.CreateGroupTest -->
