<?xml version="1.0" encoding="UTF-8"?>
<!-- Generated by org.testng.reporters.JUnitReportReporter -->
<testsuite skipped="0" hostname="DESKTOP-AFM74F7" name="tests.Testcase2" tests="1" failures="0" timestamp="2020-01-31T15:12:38 EST" time="15.551" errors="0">
  <testcase name="Logins" time="15.551" classname="tests.Testcase2"/>
  <system-out/>
</testsuite> <!-- tests.Testcase2 -->
